[26.09.2025 11:53:02,80] Starting Stock Monitoring Service 
[26.09.2025 11:53:02,80] Running as user: Administrator 
[26.09.2025 11:53:02,83] Activating virtual environment... 
[26.09.2025 11:53:03,04] Starting Python script... 
[26.09.2025 12:09:04,35] Starting Stock Monitoring Service 
[26.09.2025 12:09:04,35] Running as user: Service 
[26.09.2025 12:09:04,38] Activating virtual environment... 
[26.09.2025 12:09:04,46] Starting Python script... 
[26.09.2025 12:10:48,94] Starting Stock Monitoring Service 
[26.09.2025 12:10:48,94] Running as user: Service 
[26.09.2025 12:10:48,96] Activating virtual environment... 
[26.09.2025 12:10:49,02] Starting Python script... 
[27.09.2025 12:59:42,85] Starting Stock Monitoring Service 
[27.09.2025 12:59:42,87] Running as user: Service 
[27.09.2025 12:59:42,88] Activating virtual environment... 
[27.09.2025 12:59:42,97] Starting Python script... 
[12.10.2025  9:10:41,70] Starting Stock Monitoring Service 
[12.10.2025  9:10:41,72] Running as user: Service 
[12.10.2025  9:10:41,74] Activating virtual environment... 
[12.10.2025  9:10:41,89] Starting Python script... 
[12.10.2025  9:10:51,73] ERROR: Python script failed with exit code 1 
[12.10.2025  9:10:51,73] Stock Monitoring Service finished 
[14.10.2025  7:33:26,53] Starting Stock Monitoring Service 
[14.10.2025  7:33:26,55] Running as user: Service 
[14.10.2025 11:46:00,42] Starting Stock Monitoring Service 
[14.10.2025 11:46:00,45] Running as user: Service 
[14.10.2025 11:47:01,52] Starting Stock Monitoring Service 
[14.10.2025 11:47:01,52] Running as user: Service 
[14.10.2025 15:42:28,76] Starting Stock Monitoring Service 
[14.10.2025 15:42:28,78] Running as user: Service 
[15.10.2025  4:14:49,53] Starting Stock Monitoring Service 
[15.10.2025  4:14:49,54] Running as user: Service 
[17.10.2025 15:37:16,13] Starting Stock Monitoring Service 
[17.10.2025 15:37:16,15] Running as user: Service 
[20.10.2025 14:00:59,18] Starting Stock Monitoring Service 
[20.10.2025 14:00:59,28] Running as user: Administrator 
[20.10.2025 14:00:59,31] ERROR: Failed to change to directory \\WIN-H7BKO5H0RMC\Dataserver\_Batchprozesse\status 
